#
# There is insufficient memory for the Java Runtime Environment to continue.
# Native memory allocation (malloc) failed to allocate 32744 bytes for ChunkPool::allocate
# Possible reasons:
#   The system is out of physical RAM or swap space
#   In 32 bit mode, the process size limit was hit
# Possible solutions:
#   Reduce memory load on the system
#   Increase physical memory or swap space
#   Check if swap backing store is full
#   Use 64 bit Java on a 64 bit OS
#   Decrease Java heap size (-Xmx/-Xms)
#   Decrease number of Java threads
#   Decrease Java thread stack sizes (-Xss)
#   Set larger code cache with -XX:ReservedCodeCacheSize=
# This output file may be truncated or incomplete.
#
#  Out of Memory Error (allocation.cpp:273), pid=22520, tid=0x0000000000002b40
#
# JRE version: Java(TM) SE Runtime Environment (8.0_181-b13) (build 1.8.0_181-b13)
# Java VM: Java HotSpot(TM) 64-Bit Server VM (25.181-b13 mixed mode windows-amd64 compressed oops)
# Failed to write core dump. Minidumps are not enabled by default on client versions of Windows
#

---------------  T H R E A D  ---------------

Current thread (0x00000000178e5000):  JavaThread "C1 CompilerThread2" daemon [_thread_in_native, id=11072, stack(0x0000000019150000,0x0000000019250000)]

Stack: [0x0000000019150000,0x0000000019250000]
[error occurred during error reporting (printing stack bounds), id 0xc0000005]

Native frames: (J=compiled Java code, j=interpreted, Vv=VM code, C=native code)


Current CompileTask:
C1:    272  168       3      
[error occurred during error reporting (printing current compile task), id 0xe0000001]


---------------  P R O C E S S  ---------------

Java Threads: ( => current thread )
  0x000000001792d800 JavaThread "Service Thread" daemon [_thread_blocked, id=3576, stack(0x0000000019650000,0x0000000019750000)]
=>0x00000000178e5000 JavaThread "C1 CompilerThread2" daemon [_thread_in_native, id=11072, stack(0x0000000019150000,0x0000000019250000)]
  0x00000000178da800 JavaThread "C2 CompilerThread1" daemon [_thread_blocked, id=20804, stack(0x0000000019050000,0x0000000019150000)]
  0x00000000178d6000 JavaThread "C2 CompilerThread0" daemon [_thread_in_native, id=13456, stack(0x0000000018f50000,0x0000000019050000)]
  0x00000000178d3800 JavaThread "Attach Listener" daemon [_thread_blocked, id=20240, stack(0x0000000018e50000,0x0000000018f50000)]
  0x00000000178d2000 JavaThread "Signal Dispatcher" daemon [_thread_blocked, id=20956, stack(0x0000000018d50000,0x0000000018e50000)]
  0x0000000002d6b000 JavaThread "Finalizer" daemon [_thread_blocked, id=712, stack(0x0000000018b30000,0x0000000018c30000)]
  0x0000000002d62000 JavaThread "Reference Handler" daemon [_thread_blocked, id=14100, stack(0x0000000018a30000,0x0000000018b30000)]
  0x0000000002c72800 JavaThread "main" [_thread_in_Java, id=22476, stack(0x0000000002ac0000,0x0000000002bc0000)]

Other Threads:
  0x0000000017897000 VMThread [stack: 0x0000000018930000,0x0000000018a30000] [id=16924]
  0x000000001792e800 WatcherThread [stack: 0x0000000019750000,0x0000000019850000] [id=9528]

VM state:not at safepoint (normal execution)

VM Mutex/Monitor currently owned by a thread: None

Heap:
 PSYoungGen      total 38400K, used 2663K [0x00000000d5d00000, 0x00000000d8780000, 0x0000000100000000)
  eden space 33280K, 8% used [0x00000000d5d00000,0x00000000d5f99c30,0x00000000d7d80000)
  from space 5120K, 0% used [0x00000000d8280000,0x00000000d8280000,0x00000000d8780000)
  to   space 5120K, 0% used [0x00000000d7d80000,0x00000000d7d80000,0x00000000d8280000)
 ParOldGen       total 87552K, used 0K [0x0000000081600000, 0x0000000086b80000, 0x00000000d5d00000)
  object space 87552K, 0% used [0x0000000081600000,0x0000000081600000,0x0000000086b80000)
 Metaspace       used 4130K, capacity 4700K, committed 4992K, reserved 1056768K
  class space    used 460K, capacity 543K, committed 640K, reserved 1048576K

Card table byte_map: [0x0000000012130000,0x0000000012530000] byte_map_base: 0x0000000011d25000

Marking Bits: (ParMarkBitMap*) 0x0000000055b42d00
 Begin Bits: [0x0000000012be0000, 0x0000000014b88000)
 End Bits:   [0x0000000014b88000, 0x0000000016b30000)

Polling page: 0x0000000001220000

CodeCache: size=245760Kb used=1348Kb max_used=1357Kb free=244411Kb
 bounds [0x0000000002d70000, 0x0000000002fe0000, 0x0000000011d70000]
 total_blobs=435 nmethods=173 adapters=175
 compilation: enabled

Compilation events (10 events):
Event: 0.260 Thread 0x00000000178e5000 nmethod 158 0x0000000002eba110 code [0x0000000002eba280, 0x0000000002eba508]
Event: 0.260 Thread 0x00000000178e5000  159       3       java.lang.invoke.MemberName::getInvocationType (56 bytes)
Event: 0.262 Thread 0x00000000178e5000 nmethod 159 0x0000000002eba750 code [0x0000000002eba940, 0x0000000002ebb548]
Event: 0.262 Thread 0x00000000178e5000  160       3       java.lang.invoke.InvokerBytecodeGenerator::isStaticallyNameable (116 bytes)
Event: 0.263 Thread 0x00000000178d6000  169       4       java.lang.String::indexOf (70 bytes)
Event: 0.264 Thread 0x00000000178e5000 nmethod 160 0x0000000002ebbb50 code [0x0000000002ebbec0, 0x0000000002ebdf98]
Event: 0.264 Thread 0x00000000178e5000  162       3       java.lang.invoke.MethodTypeForm::canonicalize (233 bytes)
Event: 0.265 Thread 0x00000000178e5000 nmethod 162 0x0000000002ebf0d0 code [0x0000000002ebf320, 0x0000000002ebfed8]
Event: 0.265 Thread 0x00000000178e5000  168       3       jdk.internal.org.objectweb.asm.Frame::execute (2252 bytes)
Event: 0.267 Thread 0x00000000178d6000 nmethod 169 0x0000000002ec34d0 code [0x0000000002ec3620, 0x0000000002ec37d8]

GC Heap History (0 events):
No events

Deoptimization events (0 events):
No events

Classes redefined (0 events):
No events

Internal exceptions (7 events):
Event: 0.045 Thread 0x0000000002c72800 Exception <a 'java/lang/NoSuchMethodError': Method sun.misc.Unsafe.defineClass(Ljava/lang/String;[BII)Ljava/lang/Class; name or signature does not match> (0x00000000d5d07cb0) thrown at [C:\re\workspace\8-2-build-windows-amd64-cygwin\jdk8u181\11358\hotspot
Event: 0.045 Thread 0x0000000002c72800 Exception <a 'java/lang/NoSuchMethodError': Method sun.misc.Unsafe.prefetchRead(Ljava/lang/Object;J)V name or signature does not match> (0x00000000d5d07f98) thrown at [C:\re\workspace\8-2-build-windows-amd64-cygwin\jdk8u181\11358\hotspot\src\share\vm\prim
Event: 0.195 Thread 0x0000000002c72800 Exception <a 'java/security/PrivilegedActionException'> (0x00000000d5d950e8) thrown at [C:\re\workspace\8-2-build-windows-amd64-cygwin\jdk8u181\11358\hotspot\src\share\vm\prims\jvm.cpp, line 1435]
Event: 0.195 Thread 0x0000000002c72800 Exception <a 'java/security/PrivilegedActionException'> (0x00000000d5d952f8) thrown at [C:\re\workspace\8-2-build-windows-amd64-cygwin\jdk8u181\11358\hotspot\src\share\vm\prims\jvm.cpp, line 1435]
Event: 0.196 Thread 0x0000000002c72800 Exception <a 'java/security/PrivilegedActionException'> (0x00000000d5d98150) thrown at [C:\re\workspace\8-2-build-windows-amd64-cygwin\jdk8u181\11358\hotspot\src\share\vm\prims\jvm.cpp, line 1435]
Event: 0.196 Thread 0x0000000002c72800 Exception <a 'java/security/PrivilegedActionException'> (0x00000000d5d98360) thrown at [C:\re\workspace\8-2-build-windows-amd64-cygwin\jdk8u181\11358\hotspot\src\share\vm\prims\jvm.cpp, line 1435]
Event: 0.202 Thread 0x0000000002c72800 Exception <a 'java/io/FileNotFoundException'> (0x00000000d5d9aeb0) thrown at [C:\re\workspace\8-2-build-windows-amd64-cygwin\jdk8u181\11358\hotspot\src\share\vm\prims\jni.cpp, line 709]

Events (10 events):
Event: 0.239 loading class java/lang/invoke/MethodHandleImpl$AsVarargsCollector
Event: 0.239 loading class java/lang/invoke/DelegatingMethodHandle
Event: 0.239 loading class java/lang/invoke/DelegatingMethodHandle done
Event: 0.239 loading class java/lang/invoke/MethodHandleImpl$AsVarargsCollector done
Event: 0.240 loading class java/lang/invoke/WrongMethodTypeException
Event: 0.240 loading class java/lang/invoke/WrongMethodTypeException done
Event: 0.243 loading class java/lang/invoke/MethodHandleImpl$Lazy
Event: 0.244 loading class java/lang/invoke/MethodHandleImpl$Lazy done
Event: 0.244 loading class java/lang/invoke/MethodHandleImpl$IntrinsicMethodHandle
Event: 0.244 loading class java/lang/invoke/MethodHandleImpl$IntrinsicMethodHandle done


Dynamic libraries:
0x00007ff752480000 - 0x00007ff7524b7000 	C:\Users\justin.akdogan\Desktop\Java64\bin\javaw.exe
0x00007ffcdc2c0000 - 0x00007ffcdc4a1000 	C:\Windows\SYSTEM32\ntdll.dll
0x00007ffcdb0a0000 - 0x00007ffcdb152000 	C:\Windows\System32\KERNEL32.DLL
0x00007ffcd8690000 - 0x00007ffcd8903000 	C:\Windows\System32\KERNELBASE.dll
0x00007ffcdbc30000 - 0x00007ffcdbcd1000 	C:\Windows\System32\ADVAPI32.dll
0x00007ffcdb2e0000 - 0x00007ffcdb37e000 	C:\Windows\System32\msvcrt.dll
0x00007ffcd9c00000 - 0x00007ffcd9c5b000 	C:\Windows\System32\sechost.dll
0x00007ffcd9910000 - 0x00007ffcd9a34000 	C:\Windows\System32\RPCRT4.dll
0x00007ffcdb380000 - 0x00007ffcdb510000 	C:\Windows\System32\USER32.dll
0x00007ffcd9730000 - 0x00007ffcd9750000 	C:\Windows\System32\win32u.dll
0x00007ffcdb6d0000 - 0x00007ffcdb6f8000 	C:\Windows\System32\GDI32.dll
0x00007ffcd92a0000 - 0x00007ffcd9432000 	C:\Windows\System32\gdi32full.dll
0x00007ffcd94a0000 - 0x00007ffcd953f000 	C:\Windows\System32\msvcp_win.dll
0x00007ffcd9120000 - 0x00007ffcd921a000 	C:\Windows\System32\ucrtbase.dll
0x00007ffcc7120000 - 0x00007ffcc7389000 	C:\Windows\WinSxS\amd64_microsoft.windows.common-controls_6595b64144ccf1df_6.0.17134.523_none_fb409dd930672a56\COMCTL32.dll
0x00007ffcdbcf0000 - 0x00007ffcdc012000 	C:\Windows\System32\combase.dll
0x00007ffcd9220000 - 0x00007ffcd929a000 	C:\Windows\System32\bcryptPrimitives.dll
0x00007ffcdc110000 - 0x00007ffcdc13d000 	C:\Windows\System32\IMM32.DLL
0x0000000054e10000 - 0x0000000054ee2000 	C:\Users\justin.akdogan\Desktop\Java64\bin\msvcr100.dll
0x0000000055320000 - 0x0000000055bc2000 	C:\Users\justin.akdogan\Desktop\Java64\bin\server\jvm.dll
0x00007ffcdb760000 - 0x00007ffcdb768000 	C:\Windows\System32\PSAPI.DLL
0x00007ffcd25c0000 - 0x00007ffcd25c9000 	C:\Windows\SYSTEM32\WSOCK32.dll
0x00007ffcd6360000 - 0x00007ffcd6383000 	C:\Windows\SYSTEM32\WINMM.dll
0x00007ffcdbbc0000 - 0x00007ffcdbc2c000 	C:\Windows\System32\WS2_32.dll
0x00007ffcc8d40000 - 0x00007ffcc8d4a000 	C:\Windows\SYSTEM32\VERSION.dll
0x00007ffcd6330000 - 0x00007ffcd635a000 	C:\Windows\SYSTEM32\WINMMBASE.dll
0x00007ffcd90d0000 - 0x00007ffcd9119000 	C:\Windows\System32\cfgmgr32.dll
0x0000000055230000 - 0x000000005523f000 	C:\Users\justin.akdogan\Desktop\Java64\bin\verify.dll
0x0000000055200000 - 0x0000000055229000 	C:\Users\justin.akdogan\Desktop\Java64\bin\java.dll
0x00000000551e0000 - 0x00000000551f6000 	C:\Users\justin.akdogan\Desktop\Java64\bin\zip.dll
0x00007ffcd9c60000 - 0x00007ffcdb0a0000 	C:\Windows\System32\SHELL32.dll
0x00007ffcdc1e0000 - 0x00007ffcdc289000 	C:\Windows\System32\shcore.dll
0x00007ffcd89c0000 - 0x00007ffcd90cd000 	C:\Windows\System32\windows.storage.dll
0x00007ffcdb700000 - 0x00007ffcdb751000 	C:\Windows\System32\shlwapi.dll
0x00007ffcd8620000 - 0x00007ffcd8631000 	C:\Windows\System32\kernel.appcore.dll
0x00007ffcd85d0000 - 0x00007ffcd85ef000 	C:\Windows\System32\profapi.dll
0x00007ffcd8640000 - 0x00007ffcd868c000 	C:\Windows\System32\powrprof.dll
0x00007ffcd8610000 - 0x00007ffcd861a000 	C:\Windows\System32\FLTLIB.DLL
0x0000000055000000 - 0x0000000055199000 	C:\Users\justin.akdogan\Desktop\Java64\bin\awt.dll
0x00007ffcd9760000 - 0x00007ffcd9822000 	C:\Windows\System32\OLEAUT32.dll
0x00007ffcd6570000 - 0x00007ffcd65fb000 	C:\Windows\SYSTEM32\apphelp.dll

VM Arguments:
jvm_args: -Dfile.encoding=Cp1252 
java_command: main.main
java_class_path (initial): C:\Users\justin.akdogan\Desktop\Java64\lib\resources.jar;C:\Users\justin.akdogan\Desktop\Java64\lib\rt.jar;C:\Users\justin.akdogan\Desktop\Java64\lib\jsse.jar;C:\Users\justin.akdogan\Desktop\Java64\lib\jce.jar;C:\Users\justin.akdogan\Desktop\Java64\lib\charsets.jar;C:\Users\justin.akdogan\Desktop\Java64\lib\jfr.jar;C:\Users\justin.akdogan\Desktop\Java64\lib\ext\access-bridge-64.jar;C:\Users\justin.akdogan\Desktop\Java64\lib\ext\cldrdata.jar;C:\Users\justin.akdogan\Desktop\Java64\lib\ext\dnsns.jar;C:\Users\justin.akdogan\Desktop\Java64\lib\ext\jaccess.jar;C:\Users\justin.akdogan\Desktop\Java64\lib\ext\jfxrt.jar;C:\Users\justin.akdogan\Desktop\Java64\lib\ext\localedata.jar;C:\Users\justin.akdogan\Desktop\Java64\lib\ext\nashorn.jar;C:\Users\justin.akdogan\Desktop\Java64\lib\ext\sunec.jar;C:\Users\justin.akdogan\Desktop\Java64\lib\ext\sunjce_provider.jar;C:\Users\justin.akdogan\Desktop\Java64\lib\ext\sunmscapi.jar;C:\Users\justin.akdogan\Desktop\Java64\lib\ext\sunpkcs11.jar;C:\Users\justin.akdogan\Desktop\Java64\lib\ext\zipfs.jar;C:\Users\justin.akdogan\git\CleanDesktop\bin
Launcher Type: SUN_STANDARD

Environment Variables:
PATH=C:/Users/justin.akdogan/Desktop/Java64/bin/server;C:/Users/justin.akdogan/Desktop/Java64/bin;C:/Users/justin.akdogan/Desktop/Java64/lib/amd64;C:\Program Files (x86)\Intel\iCLS Client\;C:\Program Files\Intel\iCLS Client\;C:\Windows\system32;C:\Windows;C:\Windows\System32\Wbem;C:\Windows\System32\WindowsPowerShell\v1.0\;C:\Windows\System32\OpenSSH\;C:\Program Files (x86)\Intel\Intel(R) Management Engine Components\DAL;C:\Program Files\Intel\Intel(R) Management Engine Components\DAL;C:\Program Files (x86)\Intel\Intel(R) Management Engine Components\IPT;C:\Program Files\Intel\Intel(R) Management Engine Components\IPT;C:\Users\justin.akdogan\AppData\Local\Microsoft\WindowsApps;C:\Users\justin.akdogan\AppData\Local\Programs\Git\cmd;C:\Windows\System32;
USERNAME=Justin.Akdogan
OS=Windows_NT
PROCESSOR_IDENTIFIER=Intel64 Family 6 Model 58 Stepping 9, GenuineIntel



---------------  S Y S T E M  ---------------

OS: Windows 10.0 , 64 bit Build 17134 (10.0.17134.1)

CPU:total 4 (initial active 4) (2 cores per cpu, 2 threads per core) family 6 model 58 stepping 9, cmov, cx8, fxsr, mmx, sse, sse2, sse3, ssse3, sse4.1, sse4.2, popcnt, avx, aes, clmul, erms, ht, tsc, tscinvbit, tscinv

Memory: 4k page, physical 8291560k(2027420k free), swap 33457384k(5128k free)

vm_info: Java HotSpot(TM) 64-Bit Server VM (25.181-b13) for windows-amd64 JRE (1.8.0_181-b13), built on Jul  7 2018 04:01:33 by "java_re" with MS VC++ 10.0 (VS2010)

time: Thu Feb 07 12:30:51 2019
elapsed time: 0 seconds (0d 0h 0m 0s)

