#
# There is insufficient memory for the Java Runtime Environment to continue.
# Native memory allocation (malloc) failed to allocate 1048576 bytes for AllocateHeap
# Possible reasons:
#   The system is out of physical RAM or swap space
#   In 32 bit mode, the process size limit was hit
# Possible solutions:
#   Reduce memory load on the system
#   Increase physical memory or swap space
#   Check if swap backing store is full
#   Use 64 bit Java on a 64 bit OS
#   Decrease Java heap size (-Xmx/-Xms)
#   Decrease number of Java threads
#   Decrease Java thread stack sizes (-Xss)
#   Set larger code cache with -XX:ReservedCodeCacheSize=
# This output file may be truncated or incomplete.
#
#  Out of Memory Error (memory/allocation.inline.hpp:61), pid=9656, tid=0x00000000000052b4
#
# JRE version:  (8.0_181-b13) (build )
# Java VM: Java HotSpot(TM) 64-Bit Server VM (25.181-b13 mixed mode windows-amd64 compressed oops)
# Failed to write core dump. Minidumps are not enabled by default on client versions of Windows
#

---------------  T H R E A D  ---------------

Current thread (0x0000000002ca2800):  JavaThread "Unknown thread" [_thread_in_vm, id=21172, stack(0x0000000002b30000,0x0000000002c30000)]

Stack: [0x0000000002b30000,0x0000000002c30000]
[error occurred during error reporting (printing stack bounds), id 0xc0000005]

Native frames: (J=compiled Java code, j=interpreted, Vv=VM code, C=native code)


---------------  P R O C E S S  ---------------

Java Threads: ( => current thread )

Other Threads:

=>0x0000000002ca2800 (exited) JavaThread "Unknown thread" [_thread_in_vm, id=21172, stack(0x0000000002b30000,0x0000000002c30000)]

VM state:not at safepoint (normal execution)

VM Mutex/Monitor currently owned by a thread: None

Heap:
 PSYoungGen      total 38400K, used 665K [0x00000000d5d00000, 0x00000000d8780000, 0x0000000100000000)
  eden space 33280K, 2% used [0x00000000d5d00000,0x00000000d5da6670,0x00000000d7d80000)
  from space 5120K, 0% used [0x00000000d8280000,0x00000000d8280000,0x00000000d8780000)
  to   space 5120K, 0% used [0x00000000d7d80000,0x00000000d7d80000,0x00000000d8280000)
 ParOldGen       total 87552K, used 0K [0x0000000081600000, 0x0000000086b80000, 0x00000000d5d00000)
  object space 87552K, 0% used [0x0000000081600000,0x0000000081600000,0x0000000086b80000)
 Metaspace       used 779K, capacity 4480K, committed 4480K, reserved 1056768K
  class space    used 76K, capacity 384K, committed 384K, reserved 1048576K

Card table byte_map: [0x0000000012160000,0x0000000012560000] byte_map_base: 0x0000000011d55000

Marking Bits: (ParMarkBitMap*) 0x0000000055b42d00
 Begin Bits: [0x0000000012c10000, 0x0000000014bb8000)
 End Bits:   [0x0000000014bb8000, 0x0000000016b60000)

Polling page: 0x0000000001250000

CodeCache: size=245760Kb used=328Kb max_used=328Kb free=245431Kb
 bounds [0x0000000002da0000, 0x0000000003010000, 0x0000000011da0000]
 total_blobs=58 nmethods=0 adapters=38
 compilation: enabled

Compilation events (0 events):
No events

GC Heap History (0 events):
No events

Deoptimization events (0 events):
No events

Classes redefined (0 events):
No events

Internal exceptions (0 events):
No events

Events (10 events):
Event: 0.129 loading class java/lang/Short
Event: 0.129 loading class java/lang/Short done
Event: 0.129 loading class java/lang/Integer
Event: 0.129 loading class java/lang/Integer done
Event: 0.129 loading class java/lang/Long
Event: 0.129 loading class java/lang/Long done
Event: 0.131 loading class java/lang/NullPointerException
Event: 0.131 loading class java/lang/NullPointerException done
Event: 0.131 loading class java/lang/ArithmeticException
Event: 0.131 loading class java/lang/ArithmeticException done


Dynamic libraries:
0x00007ff752480000 - 0x00007ff7524b7000 	C:\Users\justin.akdogan\Desktop\Java64\bin\javaw.exe
0x00007ffcdc2c0000 - 0x00007ffcdc4a1000 	C:\Windows\SYSTEM32\ntdll.dll
0x00007ffcdb0a0000 - 0x00007ffcdb152000 	C:\Windows\System32\KERNEL32.DLL
0x00007ffcd8690000 - 0x00007ffcd8903000 	C:\Windows\System32\KERNELBASE.dll
0x00007ffcdbc30000 - 0x00007ffcdbcd1000 	C:\Windows\System32\ADVAPI32.dll
0x00007ffcdb2e0000 - 0x00007ffcdb37e000 	C:\Windows\System32\msvcrt.dll
0x00007ffcd9c00000 - 0x00007ffcd9c5b000 	C:\Windows\System32\sechost.dll
0x00007ffcd9910000 - 0x00007ffcd9a34000 	C:\Windows\System32\RPCRT4.dll
0x00007ffcdb380000 - 0x00007ffcdb510000 	C:\Windows\System32\USER32.dll
0x00007ffcd9730000 - 0x00007ffcd9750000 	C:\Windows\System32\win32u.dll
0x00007ffcdb6d0000 - 0x00007ffcdb6f8000 	C:\Windows\System32\GDI32.dll
0x00007ffcd92a0000 - 0x00007ffcd9432000 	C:\Windows\System32\gdi32full.dll
0x00007ffcd94a0000 - 0x00007ffcd953f000 	C:\Windows\System32\msvcp_win.dll
0x00007ffcd9120000 - 0x00007ffcd921a000 	C:\Windows\System32\ucrtbase.dll
0x00007ffcc7120000 - 0x00007ffcc7389000 	C:\Windows\WinSxS\amd64_microsoft.windows.common-controls_6595b64144ccf1df_6.0.17134.523_none_fb409dd930672a56\COMCTL32.dll
0x00007ffcdbcf0000 - 0x00007ffcdc012000 	C:\Windows\System32\combase.dll
0x00007ffcd9220000 - 0x00007ffcd929a000 	C:\Windows\System32\bcryptPrimitives.dll
0x00007ffcdc110000 - 0x00007ffcdc13d000 	C:\Windows\System32\IMM32.DLL
0x0000000054e10000 - 0x0000000054ee2000 	C:\Users\justin.akdogan\Desktop\Java64\bin\msvcr100.dll
0x0000000055320000 - 0x0000000055bc2000 	C:\Users\justin.akdogan\Desktop\Java64\bin\server\jvm.dll
0x00007ffcdb760000 - 0x00007ffcdb768000 	C:\Windows\System32\PSAPI.DLL
0x00007ffcd25c0000 - 0x00007ffcd25c9000 	C:\Windows\SYSTEM32\WSOCK32.dll
0x00007ffcd6360000 - 0x00007ffcd6383000 	C:\Windows\SYSTEM32\WINMM.dll
0x00007ffcdbbc0000 - 0x00007ffcdbc2c000 	C:\Windows\System32\WS2_32.dll
0x00007ffcc8d40000 - 0x00007ffcc8d4a000 	C:\Windows\SYSTEM32\VERSION.dll
0x00007ffcd6330000 - 0x00007ffcd635a000 	C:\Windows\SYSTEM32\WINMMBASE.dll
0x00007ffcd90d0000 - 0x00007ffcd9119000 	C:\Windows\System32\cfgmgr32.dll
0x0000000055230000 - 0x000000005523f000 	C:\Users\justin.akdogan\Desktop\Java64\bin\verify.dll
0x0000000055200000 - 0x0000000055229000 	C:\Users\justin.akdogan\Desktop\Java64\bin\java.dll
0x00000000551e0000 - 0x00000000551f6000 	C:\Users\justin.akdogan\Desktop\Java64\bin\zip.dll

VM Arguments:
jvm_args: -Dfile.encoding=Cp1252 
java_command: main.main
java_class_path (initial): C:\Users\justin.akdogan\Desktop\Java64\lib\resources.jar;C:\Users\justin.akdogan\Desktop\Java64\lib\rt.jar;C:\Users\justin.akdogan\Desktop\Java64\lib\jsse.jar;C:\Users\justin.akdogan\Desktop\Java64\lib\jce.jar;C:\Users\justin.akdogan\Desktop\Java64\lib\charsets.jar;C:\Users\justin.akdogan\Desktop\Java64\lib\jfr.jar;C:\Users\justin.akdogan\Desktop\Java64\lib\ext\access-bridge-64.jar;C:\Users\justin.akdogan\Desktop\Java64\lib\ext\cldrdata.jar;C:\Users\justin.akdogan\Desktop\Java64\lib\ext\dnsns.jar;C:\Users\justin.akdogan\Desktop\Java64\lib\ext\jaccess.jar;C:\Users\justin.akdogan\Desktop\Java64\lib\ext\jfxrt.jar;C:\Users\justin.akdogan\Desktop\Java64\lib\ext\localedata.jar;C:\Users\justin.akdogan\Desktop\Java64\lib\ext\nashorn.jar;C:\Users\justin.akdogan\Desktop\Java64\lib\ext\sunec.jar;C:\Users\justin.akdogan\Desktop\Java64\lib\ext\sunjce_provider.jar;C:\Users\justin.akdogan\Desktop\Java64\lib\ext\sunmscapi.jar;C:\Users\justin.akdogan\Desktop\Java64\lib\ext\sunpkcs11.jar;C:\Users\justin.akdogan\Desktop\Java64\lib\ext\zipfs.jar;C:\Users\justin.akdogan\git\CleanDesktop\bin
Launcher Type: SUN_STANDARD

Environment Variables:
PATH=C:/Users/justin.akdogan/Desktop/Java64/bin/server;C:/Users/justin.akdogan/Desktop/Java64/bin;C:/Users/justin.akdogan/Desktop/Java64/lib/amd64;C:\Program Files (x86)\Intel\iCLS Client\;C:\Program Files\Intel\iCLS Client\;C:\Windows\system32;C:\Windows;C:\Windows\System32\Wbem;C:\Windows\System32\WindowsPowerShell\v1.0\;C:\Windows\System32\OpenSSH\;C:\Program Files (x86)\Intel\Intel(R) Management Engine Components\DAL;C:\Program Files\Intel\Intel(R) Management Engine Components\DAL;C:\Program Files (x86)\Intel\Intel(R) Management Engine Components\IPT;C:\Program Files\Intel\Intel(R) Management Engine Components\IPT;C:\Users\justin.akdogan\AppData\Local\Microsoft\WindowsApps;C:\Users\justin.akdogan\AppData\Local\Programs\Git\cmd;C:\Windows\System32;
USERNAME=Justin.Akdogan
OS=Windows_NT
PROCESSOR_IDENTIFIER=Intel64 Family 6 Model 58 Stepping 9, GenuineIntel



---------------  S Y S T E M  ---------------

OS: Windows 10.0 , 64 bit Build 17134 (10.0.17134.1)

CPU:total 4 (initial active 4) (2 cores per cpu, 2 threads per core) family 6 model 58 stepping 9, cmov, cx8, fxsr, mmx, sse, sse2, sse3, ssse3, sse4.1, sse4.2, popcnt, avx, aes, clmul, erms, ht, tsc, tscinvbit, tscinv

Memory: 4k page, physical 8291560k(2022772k free), swap 33457384k(5280k free)

vm_info: Java HotSpot(TM) 64-Bit Server VM (25.181-b13) for windows-amd64 JRE (1.8.0_181-b13), built on Jul  7 2018 04:01:33 by "java_re" with MS VC++ 10.0 (VS2010)

time: Thu Feb 07 12:30:42 2019
elapsed time: 0 seconds (0d 0h 0m 0s)

